# JRE version: OpenJDK Runtime Environment Microsoft-7208460 (11.0.18+10) (build 11.0.18+10-LTS)
# Java VM: OpenJDK 64-Bit Server VM Microsoft-7208460 (11.0.18+10-LTS, mixed mode, tiered, compressed oops, g1 gc, windows-amd64)
Heap:
 garbage-first heap   total 779264K, used 350424K [0x0000000080000000, 0x0000000100000000)
  region size 1024K, 2 young (2048K), 2 survivors (2048K)
 Metaspace       used 171620K, capacity 178103K, committed 178556K, reserved 671744K
  class space    used 21164K, capacity 23548K, committed 23756K, reserved 516096K
GC Heap History (20 events):
Event: 5490.605 GC heap after
{Heap after GC invocations=277 (full 0):
 garbage-first heap   total 449536K, used 346790K [0x0000000080000000, 0x0000000100000000)
  region size 1024K, 3 young (3072K), 3 survivors (3072K)
 Metaspace       used 170734K, capacity 177300K, committed 177660K, reserved 671744K
  class space    used 21135K, capacity 23535K, committed 23628K, reserved 516096K
}
Event: 5491.616 GC heap before
{Heap before GC invocations=277 (full 0):
 garbage-first heap   total 449536K, used 385702K [0x0000000080000000, 0x0000000100000000)
  region size 1024K, 41 young (41984K), 3 survivors (3072K)
 Metaspace       used 171218K, capacity 177798K, committed 178044K, reserved 671744K
  class space    used 21187K, capacity 23589K, committed 23756K, reserved 516096K
}
Event: 5491.638 GC heap after
{Heap after GC invocations=278 (full 0):
 garbage-first heap   total 449536K, used 352256K [0x0000000080000000, 0x0000000100000000)
  region size 1024K, 6 young (6144K), 6 survivors (6144K)
 Metaspace       used 171218K, capacity 177798K, committed 178044K, reserved 671744K
  class space    used 21187K, capacity 23589K, committed 23756K, reserved 516096K
}
Event: 5492.636 GC heap before
{Heap before GC invocations=278 (full 0):
 garbage-first heap   total 449536K, used 388096K [0x0000000080000000, 0x0000000100000000)
  region size 1024K, 42 young (43008K), 6 survivors (6144K)
 Metaspace       used 171291K, capacity 177797K, committed 178300K, reserved 671744K
  class space    used 21143K, capacity 23512K, committed 23756K, reserved 516096K
}
Event: 5492.659 GC heap after
{Heap after GC invocations=279 (full 0):
 garbage-first heap   total 449536K, used 353026K [0x0000000080000000, 0x0000000100000000)
  region size 1024K, 1 young (1024K), 1 survivors (1024K)
 Metaspace       used 171291K, capacity 177797K, committed 178300K, reserved 671744K
  class space    used 21143K, capacity 23512K, committed 23756K, reserved 516096K
}
Event: 5493.381 GC heap before
{Heap before GC invocations=280 (full 0):
 garbage-first heap   total 449536K, used 388866K [0x0000000080000000, 0x0000000100000000)
  region size 1024K, 37 young (37888K), 1 survivors (1024K)
 Metaspace       used 171399K, capacity 177889K, committed 178300K, reserved 671744K
  class space    used 21148K, capacity 23520K, committed 23756K, reserved 516096K
}
Event: 5493.391 GC heap after
{Heap after GC invocations=281 (full 0):
 garbage-first heap   total 449536K, used 353719K [0x0000000080000000, 0x0000000100000000)
  region size 1024K, 2 young (2048K), 2 survivors (2048K)
 Metaspace       used 171399K, capacity 177889K, committed 178300K, reserved 671744K
  class space    used 21148K, capacity 23520K, committed 23756K, reserved 516096K
}
Event: 5493.674 GC heap before
{Heap before GC invocations=281 (full 0):
 garbage-first heap   total 449536K, used 372151K [0x0000000080000000, 0x0000000100000000)
  region size 1024K, 21 young (21504K), 2 survivors (2048K)
 Metaspace       used 171419K, capacity 177892K, committed 178300K, reserved 671744K
  class space    used 21148K, capacity 23521K, committed 23756K, reserved 516096K
}
Event: 5493.699 GC heap after
{Heap after GC invocations=282 (full 0):
 garbage-first heap   total 449536K, used 351960K [0x0000000080000000, 0x0000000100000000)
  region size 1024K, 2 young (2048K), 2 survivors (2048K)
 Metaspace       used 171419K, capacity 177892K, committed 178300K, reserved 671744K
  class space    used 21148K, capacity 23521K, committed 23756K, reserved 516096K
}
Event: 5494.000 GC heap before
{Heap before GC invocations=282 (full 0):
 garbage-first heap   total 449536K, used 390872K [0x0000000080000000, 0x0000000100000000)
  region size 1024K, 40 young (40960K), 2 survivors (2048K)
 Metaspace       used 171494K, capacity 178013K, committed 178556K, reserved 671744K
  class space    used 21159K, capacity 23541K, committed 23756K, reserved 516096K
}
Event: 5494.009 GC heap after
{Heap after GC invocations=283 (full 0):
 garbage-first heap   total 449536K, used 351442K [0x0000000080000000, 0x0000000100000000)
  region size 1024K, 2 young (2048K), 2 survivors (2048K)
 Metaspace       used 171494K, capacity 178013K, committed 178556K, reserved 671744K
  class space    used 21159K, capacity 23541K, committed 23756K, reserved 516096K
}
Event: 5494.444 GC heap before
{Heap before GC invocations=283 (full 0):
 garbage-first heap   total 449536K, used 390354K [0x0000000080000000, 0x0000000100000000)
  region size 1024K, 41 young (41984K), 2 survivors (2048K)
 Metaspace       used 171539K, capacity 178018K, committed 178556K, reserved 671744K
  class space    used 21159K, capacity 23541K, committed 23756K, reserved 516096K
}
Event: 5494.450 GC heap after
{Heap after GC invocations=284 (full 0):
 garbage-first heap   total 449536K, used 351578K [0x0000000080000000, 0x0000000100000000)
  region size 1024K, 2 young (2048K), 2 survivors (2048K)
 Metaspace       used 171539K, capacity 178018K, committed 178556K, reserved 671744K
  class space    used 21159K, capacity 23541K, committed 23756K, reserved 516096K
}
Event: 5494.993 GC heap before
{Heap before GC invocations=284 (full 0):
 garbage-first heap   total 449536K, used 392538K [0x0000000080000000, 0x0000000100000000)
  region size 1024K, 42 young (43008K), 2 survivors (2048K)
 Metaspace       used 171598K, capacity 178093K, committed 178556K, reserved 671744K
  class space    used 21161K, capacity 23544K, committed 23756K, reserved 516096K
}
Event: 5495.350 GC heap after
{Heap after GC invocations=285 (full 0):
 garbage-first heap   total 449536K, used 352260K [0x0000000080000000, 0x0000000100000000)
  region size 1024K, 3 young (3072K), 3 survivors (3072K)
 Metaspace       used 171598K, capacity 178093K, committed 178556K, reserved 671744K
  class space    used 21161K, capacity 23544K, committed 23756K, reserved 516096K
}
Event: 5495.724 GC heap before
{Heap before GC invocations=285 (full 0):
 garbage-first heap   total 449536K, used 394244K [0x0000000080000000, 0x0000000100000000)
  region size 1024K, 44 young (45056K), 3 survivors (3072K)
 Metaspace       used 171601K, capacity 178093K, committed 178556K, reserved 671744K
  class space    used 21161K, capacity 23544K, committed 23756K, reserved 516096K
}
Event: 5495.733 GC heap after
{Heap after GC invocations=286 (full 0):
 garbage-first heap   total 449536K, used 352819K [0x0000000080000000, 0x0000000100000000)
  region size 1024K, 3 young (3072K), 3 survivors (3072K)
 Metaspace       used 171601K, capacity 178093K, committed 178556K, reserved 671744K
  class space    used 21161K, capacity 23544K, committed 23756K, reserved 516096K
}
Event: 5496.037 GC heap before
{Heap before GC invocations=287 (full 0):
 garbage-first heap   total 449536K, used 394803K [0x0000000080000000, 0x0000000100000000)
  region size 1024K, 44 young (45056K), 3 survivors (3072K)
 Metaspace       used 171613K, capacity 178101K, committed 178556K, reserved 671744K
  class space    used 21163K, capacity 23547K, committed 23756K, reserved 516096K
}
Event: 5496.046 GC heap after
{Heap after GC invocations=288 (full 0):
 garbage-first heap   total 449536K, used 351266K [0x0000000080000000, 0x0000000100000000)
  region size 1024K, 2 young (2048K), 2 survivors (2048K)
 Metaspace       used 171613K, capacity 178101K, committed 178556K, reserved 671744K
  class space    used 21163K, capacity 23547K, committed 23756K, reserved 516096K
}
Event: 5496.164 GC heap before
{Heap before GC invocations=288 (full 0):
 garbage-first heap   total 449536K, used 370722K [0x0000000080000000, 0x0000000100000000)
  region size 1024K, 21 young (21504K), 2 survivors (2048K)
 Metaspace       used 171620K, capacity 178103K, committed 178556K, reserved 671744K
  class space    used 21164K, capacity 23548K, committed 23756K, reserved 516096K
}

