# JRE version: OpenJDK Runtime Environment (11.0.15) (build 11.0.15+0-b2043.56-9505619)
# Java VM: OpenJDK 64-Bit Server VM (11.0.15+0-b2043.56-9505619, mixed mode, tiered, compressed oops, g1 gc, windows-amd64)
Heap:
 garbage-first heap   total 189440K, used 97720K [0x0000000080000000, 0x0000000100000000)
  region size 1024K, 4 young (4096K), 4 survivors (4096K)
 Metaspace       used 66666K, capacity 68824K, committed 69040K, reserved 575488K
  class space    used 8741K, capacity 9644K, committed 9728K, reserved 516096K
GC Heap History (20 events):
Event: 35.754 GC heap after
{Heap after GC invocations=64 (full 0):
 garbage-first heap   total 108544K, used 86352K [0x0000000080000000, 0x0000000100000000)
  region size 1024K, 1 young (1024K), 1 survivors (1024K)
 Metaspace       used 53638K, capacity 55437K, committed 55472K, reserved 565248K
  class space    used 6967K, capacity 7679K, committed 7680K, reserved 516096K
}
Event: 35.998 GC heap before
{Heap before GC invocations=65 (full 0):
 garbage-first heap   total 108544K, used 95568K [0x0000000080000000, 0x0000000100000000)
  region size 1024K, 7 young (7168K), 1 survivors (1024K)
 Metaspace       used 54329K, capacity 56181K, committed 56368K, reserved 565248K
  class space    used 7040K, capacity 7800K, committed 7808K, reserved 516096K
}
Event: 36.001 GC heap after
{Heap after GC invocations=66 (full 0):
 garbage-first heap   total 108544K, used 92682K [0x0000000080000000, 0x0000000100000000)
  region size 1024K, 1 young (1024K), 1 survivors (1024K)
 Metaspace       used 54329K, capacity 56181K, committed 56368K, reserved 565248K
  class space    used 7040K, capacity 7800K, committed 7808K, reserved 516096K
}
Event: 36.035 GC heap before
{Heap before GC invocations=66 (full 0):
 garbage-first heap   total 108544K, used 96778K [0x0000000080000000, 0x0000000100000000)
  region size 1024K, 5 young (5120K), 1 survivors (1024K)
 Metaspace       used 54437K, capacity 56289K, committed 56496K, reserved 565248K
  class space    used 7064K, capacity 7836K, committed 7936K, reserved 516096K
}
Event: 36.039 GC heap after
{Heap after GC invocations=67 (full 0):
 garbage-first heap   total 131072K, used 92633K [0x0000000080000000, 0x0000000100000000)
  region size 1024K, 1 young (1024K), 1 survivors (1024K)
 Metaspace       used 54437K, capacity 56289K, committed 56496K, reserved 565248K
  class space    used 7064K, capacity 7836K, committed 7936K, reserved 516096K
}
Event: 36.436 GC heap before
{Heap before GC invocations=68 (full 0):
 garbage-first heap   total 131072K, used 102873K [0x0000000080000000, 0x0000000100000000)
  region size 1024K, 11 young (11264K), 1 survivors (1024K)
 Metaspace       used 56614K, capacity 58534K, committed 58800K, reserved 567296K
  class space    used 7353K, capacity 8119K, committed 8192K, reserved 516096K
}
Event: 36.441 GC heap after
{Heap after GC invocations=69 (full 0):
 garbage-first heap   total 131072K, used 93433K [0x0000000080000000, 0x0000000100000000)
  region size 1024K, 1 young (1024K), 1 survivors (1024K)
 Metaspace       used 56614K, capacity 58534K, committed 58800K, reserved 567296K
  class space    used 7353K, capacity 8119K, committed 8192K, reserved 516096K
}
Event: 36.666 GC heap before
{Heap before GC invocations=69 (full 0):
 garbage-first heap   total 131072K, used 104697K [0x0000000080000000, 0x0000000100000000)
  region size 1024K, 12 young (12288K), 1 survivors (1024K)
 Metaspace       used 57614K, capacity 59560K, committed 59696K, reserved 569344K
  class space    used 7524K, capacity 8294K, committed 8320K, reserved 516096K
}
Event: 36.671 GC heap after
{Heap after GC invocations=70 (full 0):
 garbage-first heap   total 131072K, used 93710K [0x0000000080000000, 0x0000000100000000)
  region size 1024K, 2 young (2048K), 2 survivors (2048K)
 Metaspace       used 57614K, capacity 59560K, committed 59696K, reserved 569344K
  class space    used 7524K, capacity 8294K, committed 8320K, reserved 516096K
}
Event: 37.078 GC heap before
{Heap before GC invocations=71 (full 0):
 garbage-first heap   total 131072K, used 104974K [0x0000000080000000, 0x0000000100000000)
  region size 1024K, 13 young (13312K), 2 survivors (2048K)
 Metaspace       used 58594K, capacity 60595K, committed 60720K, reserved 569344K
  class space    used 7679K, capacity 8490K, committed 8576K, reserved 516096K
}
Event: 37.083 GC heap after
{Heap after GC invocations=72 (full 0):
 garbage-first heap   total 131072K, used 94208K [0x0000000080000000, 0x0000000100000000)
  region size 1024K, 1 young (1024K), 1 survivors (1024K)
 Metaspace       used 58594K, capacity 60595K, committed 60720K, reserved 569344K
  class space    used 7679K, capacity 8490K, committed 8576K, reserved 516096K
}
Event: 37.304 GC heap before
{Heap before GC invocations=72 (full 0):
 garbage-first heap   total 131072K, used 105472K [0x0000000080000000, 0x0000000100000000)
  region size 1024K, 13 young (13312K), 1 survivors (1024K)
 Metaspace       used 59607K, capacity 61673K, committed 61872K, reserved 569344K
  class space    used 7796K, capacity 8634K, committed 8704K, reserved 516096K
}
Event: 37.308 GC heap after
{Heap after GC invocations=73 (full 0):
 garbage-first heap   total 157696K, used 94584K [0x0000000080000000, 0x0000000100000000)
  region size 1024K, 2 young (2048K), 2 survivors (2048K)
 Metaspace       used 59607K, capacity 61673K, committed 61872K, reserved 569344K
  class space    used 7796K, capacity 8634K, committed 8704K, reserved 516096K
}
Event: 37.681 GC heap before
{Heap before GC invocations=74 (full 0):
 garbage-first heap   total 157696K, used 117112K [0x0000000080000000, 0x0000000100000000)
  region size 1024K, 24 young (24576K), 2 survivors (2048K)
 Metaspace       used 61377K, capacity 63454K, committed 63664K, reserved 571392K
  class space    used 8053K, capacity 8930K, committed 8960K, reserved 516096K
}
Event: 37.687 GC heap after
{Heap after GC invocations=75 (full 0):
 garbage-first heap   total 157696K, used 95522K [0x0000000080000000, 0x0000000100000000)
  region size 1024K, 3 young (3072K), 3 survivors (3072K)
 Metaspace       used 61377K, capacity 63454K, committed 63664K, reserved 571392K
  class space    used 8053K, capacity 8930K, committed 8960K, reserved 516096K
}
Event: 37.976 GC heap before
{Heap before GC invocations=75 (full 0):
 garbage-first heap   total 157696K, used 119074K [0x0000000080000000, 0x0000000100000000)
  region size 1024K, 26 young (26624K), 3 survivors (3072K)
 Metaspace       used 62935K, capacity 64990K, committed 65200K, reserved 573440K
  class space    used 8263K, capacity 9122K, committed 9216K, reserved 516096K
}
Event: 37.983 GC heap after
{Heap after GC invocations=76 (full 0):
 garbage-first heap   total 157696K, used 95780K [0x0000000080000000, 0x0000000100000000)
  region size 1024K, 3 young (3072K), 3 survivors (3072K)
 Metaspace       used 62935K, capacity 64990K, committed 65200K, reserved 573440K
  class space    used 8263K, capacity 9122K, committed 9216K, reserved 516096K
}
Event: 38.289 GC heap before
{Heap before GC invocations=77 (full 0):
 garbage-first heap   total 157696K, used 121380K [0x0000000080000000, 0x0000000100000000)
  region size 1024K, 29 young (29696K), 3 survivors (3072K)
 Metaspace       used 64648K, capacity 66761K, committed 66864K, reserved 575488K
  class space    used 8464K, capacity 9323K, committed 9344K, reserved 516096K
}
Event: 38.296 GC heap after
{Heap after GC invocations=78 (full 0):
 garbage-first heap   total 157696K, used 96605K [0x0000000080000000, 0x0000000100000000)
  region size 1024K, 3 young (3072K), 3 survivors (3072K)
 Metaspace       used 64648K, capacity 66761K, committed 66864K, reserved 575488K
  class space    used 8464K, capacity 9323K, committed 9344K, reserved 516096K
}
Event: 38.910 GC heap before
{Heap before GC invocations=78 (full 0):
 garbage-first heap   total 157696K, used 123229K [0x0000000080000000, 0x0000000100000000)
  region size 1024K, 30 young (30720K), 3 survivors (3072K)
 Metaspace       used 66666K, capacity 68824K, committed 69040K, reserved 575488K
  class space    used 8741K, capacity 9644K, committed 9728K, reserved 516096K
}

